-- The C compiler identification is GNU 11.4.0
-- The CXX compiler identification is GNU 11.4.0
-- Detecting C compiler ABI info
-- Detecting C compiler ABI info - done
-- Check for working C compiler: /usr/bin/cc - skipped
-- Detecting C compile features
-- Detecting C compile features - done
-- Detecting CXX compiler ABI info
-- Detecting CXX compiler ABI info - done
-- Check for working CXX compiler: /usr/bin/c++ - skipped
-- Detecting CXX compile features
-- Detecting CXX compile features - done
-- Looking for pthread.h
-- Looking for pthread.h - found
-- Performing Test CMAKE_HAVE_LIBC_PTHREAD
-- Performing Test CMAKE_HAVE_LIBC_PTHREAD - Success
-- Found Threads: TRUE  
-- Found OpenGL: /usr/lib/x86_64-linux-gnu/libOpenGL.so  found components: OpenGL 
-- Performing Test COMPILER_SUPPORTS_CXX11
-- Performing Test COMPILER_SUPPORTS_CXX11 - Success
-- Performing Test COMPILER_SUPPORTS_CXX0X
-- Performing Test COMPILER_SUPPORTS_CXX0X - Success
-- Using flag -std=c++17.
-- Found ament_cmake_auto: 1.3.14 (/opt/ros/humble/share/ament_cmake_auto/cmake)
-- Found Python3: /usr/bin/python3 (found version "3.10.12") found components: Interpreter 
-- Found rosidl_generator_c: 3.1.8 (/opt/ros/humble/share/rosidl_generator_c/cmake)
-- Found rosidl_adapter: 3.1.8 (/opt/ros/humble/share/rosidl_adapter/cmake)
-- Found rosidl_generator_cpp: 3.1.8 (/opt/ros/humble/share/rosidl_generator_cpp/cmake)
-- Using all available rosidl_typesupport_c: rosidl_typesupport_fastrtps_c;rosidl_typesupport_introspection_c
-- Using all available rosidl_typesupport_cpp: rosidl_typesupport_fastrtps_cpp;rosidl_typesupport_introspection_cpp
-- Found rmw_implementation_cmake: 6.1.2 (/opt/ros/humble/share/rmw_implementation_cmake/cmake)
-- Found rmw_fastrtps_cpp: 6.2.10 (/opt/ros/humble/share/rmw_fastrtps_cpp/cmake)
-- Found OpenSSL: /usr/lib/x86_64-linux-gnu/libcrypto.so (found version "3.0.2")  
-- Found FastRTPS: /opt/ros/humble/include  
-- Using RMW implementation 'rmw_fastrtps_cpp' as default
-- Found OpenCV: /usr/local (found version "4.4.0") 
-- Found Boost: /usr/lib/x86_64-linux-gnu/cmake/Boost-1.74.0/BoostConfig.cmake (found version "1.74.0") found components: filesystem system 
-- Found GLEW: /usr/include (found version "2.2.0") 
-- Found CXSparse: /usr/include/suitesparse (found suitable version "3.2.0", minimum required is "3.2.0") 
-- Found AMD headers in: /usr/include/suitesparse
-- Found AMD library: /usr/lib/x86_64-linux-gnu/libamd.so
-- Found CAMD headers in: /usr/include/suitesparse
-- Found CAMD library: /usr/lib/x86_64-linux-gnu/libcamd.so
-- Found CCOLAMD headers in: /usr/include/suitesparse
-- Found CCOLAMD library: /usr/lib/x86_64-linux-gnu/libccolamd.so
-- Found CHOLMOD headers in: /usr/include/suitesparse
-- Found CHOLMOD library: /usr/lib/x86_64-linux-gnu/libcholmod.so
-- Found COLAMD headers in: /usr/include/suitesparse
-- Found COLAMD library: /usr/lib/x86_64-linux-gnu/libcolamd.so
-- Found SPQR headers in: /usr/include/suitesparse
-- Found SPQR library: /usr/lib/x86_64-linux-gnu/libspqr.so
-- Found Config headers in: /usr/include/suitesparse
-- Found Config library: /usr/lib/x86_64-linux-gnu/libsuitesparseconfig.so
-- Found Intel Thread Building Blocks (TBB) library (2021.5 / ) include location: . Assuming SuiteSparseQR was compiled with TBB.
-- Looking for shm_open in rt
-- Looking for shm_open in rt - found
-- Adding librt to SuiteSparse_config libraries (required on Linux & Unix [not OSX] if SuiteSparse is compiled with timing).
-- Found METIS: /usr/include (found version "5.1.0") 
-- Found SuiteSparse: /usr/include/suitesparse (found suitable version "5.10.1", minimum required is "5.10.1") found components: AMD CAMD CCOLAMD CHOLMOD COLAMD SPQR Config 
-- Found required Ceres dependency: Eigen version 3.4.0 in /usr/local/share/eigen3/cmake
-- Found required Ceres dependency: glog
-- Found required Ceres dependency: gflags
-- Found Ceres version: 2.1.0 installed in: /usr/local with components: [EigenSparse, SparseLinearAlgebraLibrary, LAPACK, SuiteSparse, CXSparse, SchurSpecializations, Multithreading]
-- Checking for module 'eigen3'
--   Found eigen3, version 3.4.0
-- Found Eigen: /usr/include/eigen3 (Required is at least version "3.1") 
-- Eigen found (include: /usr/include/eigen3, version: 3.4.0)
-- Found Boost: /usr/lib/x86_64-linux-gnu/cmake/Boost-1.74.0/BoostConfig.cmake (found suitable version "1.74.0", minimum required is "1.65.0") found components: system filesystem date_time iostreams serialization 
-- Checking for module 'flann'
--   Found flann, version 1.9.1
-- Found FLANN: /usr/lib/x86_64-linux-gnu/libflann_cpp.so  
-- FLANN found (include: /usr/include, lib: /usr/lib/x86_64-linux-gnu/libflann_cpp.so)
-- Found GLEW: /usr/lib/x86_64-linux-gnu/libGLEW.so  
-- Found OpenGL: /usr/lib/x86_64-linux-gnu/libOpenGL.so  found components: OpenGL GLX 
-- Found MPI_C: /usr/lib/x86_64-linux-gnu/libmpi.so (found version "3.1") 
-- Found MPI: TRUE (found version "3.1") found components: C 
-- Found JsonCpp: /usr/lib/x86_64-linux-gnu/libjsoncpp.so (found suitable version "1.9.5", minimum required is "0.7.0") 
-- Found ZLIB: /usr/lib/x86_64-linux-gnu/libz.so (found version "1.2.11") 
-- Found PNG: /usr/lib/x86_64-linux-gnu/libpng.so (found version "1.6.37") 
-- Found Eigen3: /usr/include/eigen3 (found version "3.4.0") 
-- Found X11: /usr/include   
-- Looking for XOpenDisplay in /usr/lib/x86_64-linux-gnu/libX11.so;/usr/lib/x86_64-linux-gnu/libXext.so
-- Looking for XOpenDisplay in /usr/lib/x86_64-linux-gnu/libX11.so;/usr/lib/x86_64-linux-gnu/libXext.so - found
-- Looking for gethostbyname
-- Looking for gethostbyname - found
-- Looking for connect
-- Looking for connect - found
-- Looking for remove
-- Looking for remove - found
-- Looking for shmat
-- Looking for shmat - found
-- Looking for IceConnectionNumber in ICE
-- Looking for IceConnectionNumber in ICE - found
-- Found EXPAT: /usr/lib/x86_64-linux-gnu/libexpat.so (found version "2.4.7") 
-- Found double-conversion: /usr/lib/x86_64-linux-gnu/libdouble-conversion.so  
-- Found LZ4: /usr/lib/x86_64-linux-gnu/liblz4.so (found version "1.9.3") 
-- Found LZMA: /usr/lib/x86_64-linux-gnu/liblzma.so (found version "5.2.5") 
-- Found JPEG: /usr/lib/x86_64-linux-gnu/libjpeg.so (found version "80") 
-- Found TIFF: /usr/lib/x86_64-linux-gnu/libtiff.so (found version "4.3.0")  
-- Found Freetype: /usr/lib/x86_64-linux-gnu/libfreetype.so (found version "2.11.1") 
-- Found utf8cpp: /usr/include/utf8cpp  
-- Checking for module 'libusb-1.0'
--   Found libusb-1.0, version 1.0.25
-- Found libusb: /usr/lib/x86_64-linux-gnu/libusb-1.0.so  
-- Found OpenNI: /usr/lib/libOpenNI.so;libusb::libusb (found version "1.5.4.0") 
-- OpenNI found (version: 1.5.4.0, include: /usr/include/ni, lib: /usr/lib/libOpenNI.so;libusb::libusb)
-- Found OpenNI2: /usr/lib/x86_64-linux-gnu/libOpenNI2.so;libusb::libusb (found version "2.2.0.33") 
-- OpenNI2 found (version: 2.2.0.33, include: /usr/include/openni2, lib: /usr/lib/x86_64-linux-gnu/libOpenNI2.so;libusb::libusb)
-- Eigen found (include: /usr/include/eigen3, version: 3.4.0)
-- OpenNI found (version: 1.5.4.0, include: /usr/include/ni, lib: /usr/lib/libOpenNI.so;libusb::libusb)
-- OpenNI2 found (version: 2.2.0.33, include: /usr/include/openni2, lib: /usr/lib/x86_64-linux-gnu/libOpenNI2.so;libusb::libusb)
-- Found Qhull version 8.0.2
-- OpenNI found (version: 1.5.4.0, include: /usr/include/ni, lib: /usr/lib/libOpenNI.so;libusb::libusb)
-- looking for PCL_COMMON
-- Found PCL_COMMON: /usr/lib/x86_64-linux-gnu/libpcl_common.so  
-- looking for PCL_KDTREE
-- Found PCL_KDTREE: /usr/lib/x86_64-linux-gnu/libpcl_kdtree.so  
-- looking for PCL_OCTREE
-- Found PCL_OCTREE: /usr/lib/x86_64-linux-gnu/libpcl_octree.so  
-- looking for PCL_SEARCH
-- Found PCL_SEARCH: /usr/lib/x86_64-linux-gnu/libpcl_search.so  
-- looking for PCL_SAMPLE_CONSENSUS
-- Found PCL_SAMPLE_CONSENSUS: /usr/lib/x86_64-linux-gnu/libpcl_sample_consensus.so  
-- looking for PCL_FILTERS
-- Found PCL_FILTERS: /usr/lib/x86_64-linux-gnu/libpcl_filters.so  
-- looking for PCL_2D
-- Found PCL_2D: /usr/include/pcl-1.12  
-- looking for PCL_GEOMETRY
-- Found PCL_GEOMETRY: /usr/include/pcl-1.12  
-- looking for PCL_IO
-- Found PCL_IO: /usr/lib/x86_64-linux-gnu/libpcl_io.so  
-- looking for PCL_FEATURES
-- Found PCL_FEATURES: /usr/lib/x86_64-linux-gnu/libpcl_features.so  
-- looking for PCL_ML
-- Found PCL_ML: /usr/lib/x86_64-linux-gnu/libpcl_ml.so  
-- looking for PCL_SEGMENTATION
-- Found PCL_SEGMENTATION: /usr/lib/x86_64-linux-gnu/libpcl_segmentation.so  
-- looking for PCL_VISUALIZATION
-- Found PCL_VISUALIZATION: /usr/lib/x86_64-linux-gnu/libpcl_visualization.so  
-- looking for PCL_SURFACE
-- Found PCL_SURFACE: /usr/lib/x86_64-linux-gnu/libpcl_surface.so  
-- looking for PCL_REGISTRATION
-- Found PCL_REGISTRATION: /usr/lib/x86_64-linux-gnu/libpcl_registration.so  
-- looking for PCL_KEYPOINTS
-- Found PCL_KEYPOINTS: /usr/lib/x86_64-linux-gnu/libpcl_keypoints.so  
-- looking for PCL_TRACKING
-- Found PCL_TRACKING: /usr/lib/x86_64-linux-gnu/libpcl_tracking.so  
-- looking for PCL_RECOGNITION
-- Found PCL_RECOGNITION: /usr/lib/x86_64-linux-gnu/libpcl_recognition.so  
-- looking for PCL_STEREO
-- Found PCL_STEREO: /usr/lib/x86_64-linux-gnu/libpcl_stereo.so  
-- looking for PCL_APPS
-- Found PCL_APPS: /usr/lib/x86_64-linux-gnu/libpcl_apps.so  
-- looking for PCL_IN_HAND_SCANNER
-- Found PCL_IN_HAND_SCANNER: /usr/include/pcl-1.12  
-- looking for PCL_MODELER
-- Found PCL_MODELER: /usr/include/pcl-1.12  
-- looking for PCL_POINT_CLOUD_EDITOR
-- Found PCL_POINT_CLOUD_EDITOR: /usr/include/pcl-1.12  
-- looking for PCL_OUTOFCORE
-- Found PCL_OUTOFCORE: /usr/lib/x86_64-linux-gnu/libpcl_outofcore.so  
-- looking for PCL_PEOPLE
-- Found PCL_PEOPLE: /usr/lib/x86_64-linux-gnu/libpcl_people.so  
-- Found PCL: pcl_common;pcl_kdtree;pcl_octree;pcl_search;pcl_sample_consensus;pcl_filters;pcl_io;pcl_features;pcl_ml;pcl_segmentation;pcl_visualization;pcl_surface;pcl_registration;pcl_keypoints;pcl_tracking;pcl_recognition;pcl_stereo;pcl_apps;pcl_outofcore;pcl_people;Boost::system;Boost::filesystem;Boost::date_time;Boost::iostreams;Boost::serialization;/usr/lib/libOpenNI.so;libusb::libusb;/usr/lib/x86_64-linux-gnu/libOpenNI2.so;libusb::libusb;VTK::ChartsCore;VTK::CommonColor;VTK::CommonComputationalGeometry;VTK::CommonCore;VTK::CommonDataModel;VTK::CommonExecutionModel;VTK::CommonMath;VTK::CommonMisc;VTK::CommonTransforms;VTK::FiltersCore;VTK::FiltersExtraction;VTK::FiltersGeneral;VTK::FiltersGeometry;VTK::FiltersModeling;VTK::FiltersSources;VTK::ImagingCore;VTK::ImagingSources;VTK::InteractionImage;VTK::InteractionStyle;VTK::InteractionWidgets;VTK::IOCore;VTK::IOGeometry;VTK::IOImage;VTK::IOLegacy;VTK::IOPLY;VTK::RenderingAnnotation;VTK::RenderingCore;VTK::RenderingContext2D;VTK::RenderingLOD;VTK::RenderingFreeType;VTK::ViewsCore;VTK::ViewsContext2D;VTK::RenderingOpenGL2;VTK::GUISupportQt;FLANN::FLANN;QHULL::QHULL (Required is at least version "1.10") 
-- Found pcl_conversions: 2.4.5 (/opt/ros/humble/share/pcl_conversions/cmake)
-- Configuring done
-- Generating done
-- Build files have been written to: /home/zju/navigation/GeoFlowSlam/Examples/ROS2/RGB-D-Inertial/build/orbslam3
[  2%] [32mBuilding CXX object CMakeFiles/orbslam3.dir/home/zju/navigation/GeoFlowSlam/src/System.cc.o[0m
[  5%] [32mBuilding CXX object CMakeFiles/orbslam3.dir/home/zju/navigation/GeoFlowSlam/src/Tracking.cc.o[0m
[  7%] [32mBuilding CXX object CMakeFiles/orbslam3.dir/home/zju/navigation/GeoFlowSlam/src/LocalMapping.cc.o[0m
[ 10%] [32mBuilding CXX object CMakeFiles/orbslam3.dir/home/zju/navigation/GeoFlowSlam/src/LoopClosing.cc.o[0m
[ 12%] [32mBuilding CXX object CMakeFiles/orbslam3.dir/home/zju/navigation/GeoFlowSlam/src/ORBextractor.cc.o[0m
[ 15%] [32mBuilding CXX object CMakeFiles/orbslam3.dir/home/zju/navigation/GeoFlowSlam/src/ORBmatcher.cc.o[0m
[ 17%] [32mBuilding CXX object CMakeFiles/orbslam3.dir/home/zju/navigation/GeoFlowSlam/src/FrameDrawer.cc.o[0m
[ 20%] [32mBuilding CXX object CMakeFiles/orbslam3.dir/home/zju/navigation/GeoFlowSlam/src/Converter.cc.o[0m
[ 22%] [32mBuilding CXX object CMakeFiles/orbslam3.dir/home/zju/navigation/GeoFlowSlam/src/MapPoint.cc.o[0m
[ 25%] [32mBuilding CXX object CMakeFiles/orbslam3.dir/home/zju/navigation/GeoFlowSlam/src/KeyFrame.cc.o[0m
[ 27%] [32mBuilding CXX object CMakeFiles/orbslam3.dir/home/zju/navigation/GeoFlowSlam/src/Atlas.cc.o[0m
[ 30%] [32mBuilding CXX object CMakeFiles/orbslam3.dir/home/zju/navigation/GeoFlowSlam/src/Map.cc.o[0m
[ 32%] [32mBuilding CXX object CMakeFiles/orbslam3.dir/home/zju/navigation/GeoFlowSlam/src/MapDrawer.cc.o[0m
[ 35%] [32mBuilding CXX object CMakeFiles/orbslam3.dir/home/zju/navigation/GeoFlowSlam/src/Optimizer.cc.o[0m
[ 37%] [32mBuilding CXX object CMakeFiles/orbslam3.dir/home/zju/navigation/GeoFlowSlam/src/Frame.cc.o[0m
[ 40%] [32mBuilding CXX object CMakeFiles/orbslam3.dir/home/zju/navigation/GeoFlowSlam/src/KeyFrameDatabase.cc.o[0m
[ 42%] [32mBuilding CXX object CMakeFiles/orbslam3.dir/home/zju/navigation/GeoFlowSlam/src/Sim3Solver.cc.o[0m
[ 45%] [32mBuilding CXX object CMakeFiles/orbslam3.dir/home/zju/navigation/GeoFlowSlam/src/Viewer.cc.o[0m
[ 47%] [32mBuilding CXX object CMakeFiles/orbslam3.dir/home/zju/navigation/GeoFlowSlam/src/ImuTypes.cc.o[0m
[ 50%] [32mBuilding CXX object CMakeFiles/orbslam3.dir/home/zju/navigation/GeoFlowSlam/src/G2oTypes.cc.o[0m
[ 52%] [32mBuilding CXX object CMakeFiles/orbslam3.dir/home/zju/navigation/GeoFlowSlam/src/CameraModels/Pinhole.cpp.o[0m
[ 55%] [32mBuilding CXX object CMakeFiles/orbslam3.dir/home/zju/navigation/GeoFlowSlam/src/CameraModels/KannalaBrandt8.cpp.o[0m
[ 57%] [32mBuilding CXX object CMakeFiles/orbslam3.dir/home/zju/navigation/GeoFlowSlam/src/OptimizableTypes.cpp.o[0m
[ 60%] [32mBuilding CXX object CMakeFiles/orbslam3.dir/home/zju/navigation/GeoFlowSlam/src/MLPnPsolver.cpp.o[0m
[ 62%] [32mBuilding CXX object CMakeFiles/orbslam3.dir/home/zju/navigation/GeoFlowSlam/src/GeometricTools.cc.o[0m
[ 65%] [32mBuilding CXX object CMakeFiles/orbslam3.dir/home/zju/navigation/GeoFlowSlam/src/TwoViewReconstruction.cc.o[0m
[ 67%] [32mBuilding CXX object CMakeFiles/orbslam3.dir/home/zju/navigation/GeoFlowSlam/src/Config.cc.o[0m
[ 70%] [32mBuilding CXX object CMakeFiles/orbslam3.dir/home/zju/navigation/GeoFlowSlam/src/Settings.cc.o[0m
[ 72%] [32mBuilding CXX object CMakeFiles/orbslam3.dir/home/zju/navigation/GeoFlowSlam/src/ImuInitializer.cc.o[0m
[ 75%] [32mBuilding CXX object CMakeFiles/orbslam3.dir/home/zju/navigation/GeoFlowSlam/src/polynomial.cc.o[0m
[ 77%] [32mBuilding CXX object CMakeFiles/orbslam3.dir/home/zju/navigation/GeoFlowSlam/src/ThreadPool.cpp.o[0m
[ 80%] [32mBuilding CXX object CMakeFiles/orbslam3.dir/home/zju/navigation/GeoFlowSlam/src/RegistrationGICP.cc.o[0m
[ 82%] [32mBuilding CXX object CMakeFiles/orbslam3.dir/home/zju/navigation/GeoFlowSlam/src/LidarMapping.cc.o[0m
[ 85%] [32mBuilding CXX object CMakeFiles/orbslam3.dir/home/zju/navigation/GeoFlowSlam/src/Lidar.cc.o[0m
[ 87%] [32mBuilding CXX object CMakeFiles/orbslam3.dir/home/zju/navigation/GeoFlowSlam/src/LidarProcess.cc.o[0m
[ 90%] [32m[1mLinking CXX shared library ../../lib/liborbslam3.so[0m
[ 90%] Built target orbslam3
[ 92%] [32mBuilding CXX object CMakeFiles/rgbd_inertial_ros2.dir/src/rgbd_inertial_ros2.cc.o[0m
[ 95%] [32m[1mLinking CXX executable ../../rgbd_inertial_ros2[0m
[ 95%] Built target rgbd_inertial_ros2
[ 97%] [32mBuilding CXX object CMakeFiles/pointcloud_to_gridmap_node.dir/src/pointcloud_to_gridmap.cpp.o[0m
[100%] [32m[1mLinking CXX executable ../../pointcloud_to_gridmap_node[0m
[100%] Built target pointcloud_to_gridmap_node
-- Install configuration: "Release"
-- Installing: /home/zju/navigation/GeoFlowSlam/Examples/ROS2/RGB-D-Inertial/install/lib/libDBoW2.so
-- Installing: /home/zju/navigation/GeoFlowSlam/Examples/ROS2/RGB-D-Inertial/install/lib/libg2o.so
-- Installing: /home/zju/navigation/GeoFlowSlam/Examples/ROS2/RGB-D-Inertial/install/lib/libsmall_gicp.so
-- Installing: /home/zju/navigation/GeoFlowSlam/Examples/ROS2/RGB-D-Inertial/install/lib/liborbslam3.so
-- Set runtime path of "/home/zju/navigation/GeoFlowSlam/Examples/ROS2/RGB-D-Inertial/install/lib/liborbslam3.so" to ""
-- Installing: /home/zju/navigation/GeoFlowSlam/Examples/ROS2/RGB-D-Inertial/install/lib/orbslam3/rgbd_inertial_ros2
-- Set runtime path of "/home/zju/navigation/GeoFlowSlam/Examples/ROS2/RGB-D-Inertial/install/lib/orbslam3/rgbd_inertial_ros2" to ""
-- Installing: /home/zju/navigation/GeoFlowSlam/Examples/ROS2/RGB-D-Inertial/install/lib/orbslam3/pointcloud_to_gridmap_node
-- Set runtime path of "/home/zju/navigation/GeoFlowSlam/Examples/ROS2/RGB-D-Inertial/install/lib/orbslam3/pointcloud_to_gridmap_node" to ""
-- Up-to-date: /home/zju/navigation/GeoFlowSlam/Examples/ROS2/RGB-D-Inertial/install/lib/orbslam3/rgbd_inertial_ros2
-- Up-to-date: /home/zju/navigation/GeoFlowSlam/Examples/ROS2/RGB-D-Inertial/install/lib/orbslam3/pointcloud_to_gridmap_node
-- Installing: /home/zju/navigation/GeoFlowSlam/Examples/ROS2/RGB-D-Inertial/install/share/ament_index/resource_index/package_run_dependencies/orbslam3
-- Installing: /home/zju/navigation/GeoFlowSlam/Examples/ROS2/RGB-D-Inertial/install/share/ament_index/resource_index/parent_prefix_path/orbslam3
-- Installing: /home/zju/navigation/GeoFlowSlam/Examples/ROS2/RGB-D-Inertial/install/share/orbslam3/environment/ament_prefix_path.sh
-- Installing: /home/zju/navigation/GeoFlowSlam/Examples/ROS2/RGB-D-Inertial/install/share/orbslam3/environment/ament_prefix_path.dsv
-- Installing: /home/zju/navigation/GeoFlowSlam/Examples/ROS2/RGB-D-Inertial/install/share/orbslam3/environment/path.sh
-- Installing: /home/zju/navigation/GeoFlowSlam/Examples/ROS2/RGB-D-Inertial/install/share/orbslam3/environment/path.dsv
-- Installing: /home/zju/navigation/GeoFlowSlam/Examples/ROS2/RGB-D-Inertial/install/share/orbslam3/local_setup.bash
-- Installing: /home/zju/navigation/GeoFlowSlam/Examples/ROS2/RGB-D-Inertial/install/share/orbslam3/local_setup.sh
-- Installing: /home/zju/navigation/GeoFlowSlam/Examples/ROS2/RGB-D-Inertial/install/share/orbslam3/local_setup.zsh
-- Installing: /home/zju/navigation/GeoFlowSlam/Examples/ROS2/RGB-D-Inertial/install/share/orbslam3/local_setup.dsv
-- Installing: /home/zju/navigation/GeoFlowSlam/Examples/ROS2/RGB-D-Inertial/install/share/orbslam3/package.dsv
-- Installing: /home/zju/navigation/GeoFlowSlam/Examples/ROS2/RGB-D-Inertial/install/share/ament_index/resource_index/packages/orbslam3
-- Installing: /home/zju/navigation/GeoFlowSlam/Examples/ROS2/RGB-D-Inertial/install/share/orbslam3/cmake/ament_cmake_export_dependencies-extras.cmake
-- Installing: /home/zju/navigation/GeoFlowSlam/Examples/ROS2/RGB-D-Inertial/install/share/orbslam3/cmake/orbslam3Config.cmake
-- Installing: /home/zju/navigation/GeoFlowSlam/Examples/ROS2/RGB-D-Inertial/install/share/orbslam3/cmake/orbslam3Config-version.cmake
-- Installing: /home/zju/navigation/GeoFlowSlam/Examples/ROS2/RGB-D-Inertial/install/share/orbslam3/package.xml
