[0.049s] DEBUG:colcon:Command line arguments: ['/usr/bin/colcon', 'build', '--merge-install', '--base-paths', 'Examples/ROS2/RGB-D-Inertial', '--packages-select', 'orbslam3']
[0.049s] DEBUG:colcon:Parsed command line arguments: Namespace(log_base=None, log_level=None, verb_name='build', build_base='build', install_base='install', merge_install=True, symlink_install=False, test_result_base=None, continue_on_error=False, executor='parallel', parallel_workers=20, event_handlers=None, ignore_user_meta=False, metas=['./colcon.meta'], base_paths=['Examples/ROS2/RGB-D-Inertial'], packages_ignore=None, packages_ignore_regex=None, paths=None, packages_up_to=None, packages_up_to_regex=None, packages_above=None, packages_above_and_dependencies=None, packages_above_depth=None, packages_select_by_dep=None, packages_skip_by_dep=None, packages_skip_up_to=None, packages_select_build_failed=False, packages_skip_build_finished=False, packages_select_test_failures=False, packages_skip_test_passed=False, packages_select=['orbslam3'], packages_skip=None, packages_select_regex=None, packages_skip_regex=None, packages_start=None, packages_end=None, allow_overriding=[], cmake_args=None, cmake_target=None, cmake_target_skip_unavailable=False, cmake_clean_cache=False, cmake_clean_first=False, cmake_force_configure=False, ament_cmake_args=None, catkin_cmake_args=None, catkin_skip_building_tests=False, verb_parser=<colcon_defaults.argument_parser.defaults.DefaultArgumentsDecorator object at 0x79dda3060700>, verb_extension=<colcon_core.verb.build.BuildVerb object at 0x79dda3060160>, main=<bound method BuildVerb.main of <colcon_core.verb.build.BuildVerb object at 0x79dda3060160>>)
[0.123s] Level 1:colcon.colcon_core.package_discovery:discover_packages(colcon_meta) check parameters
[0.123s] Level 1:colcon.colcon_core.package_discovery:discover_packages(recursive) check parameters
[0.123s] Level 1:colcon.colcon_core.package_discovery:discover_packages(ignore) check parameters
[0.123s] Level 1:colcon.colcon_core.package_discovery:discover_packages(path) check parameters
[0.123s] Level 1:colcon.colcon_core.package_discovery:discover_packages(recursive) discover
[0.123s] INFO:colcon.colcon_core.package_discovery:Crawling recursively for packages in '/home/zju/navigation/GeoFlowSlam/Examples/ROS2/RGB-D-Inertial'
[0.123s] Level 1:colcon.colcon_core.package_identification:_identify(Examples/ROS2/RGB-D-Inertial) by extensions ['ignore', 'ignore_ament_install']
[0.123s] Level 1:colcon.colcon_core.package_identification:_identify(Examples/ROS2/RGB-D-Inertial) by extension 'ignore'
[0.123s] Level 1:colcon.colcon_core.package_identification:_identify(Examples/ROS2/RGB-D-Inertial) by extension 'ignore_ament_install'
[0.123s] Level 1:colcon.colcon_core.package_identification:_identify(Examples/ROS2/RGB-D-Inertial) by extensions ['colcon_pkg']
[0.123s] Level 1:colcon.colcon_core.package_identification:_identify(Examples/ROS2/RGB-D-Inertial) by extension 'colcon_pkg'
[0.123s] Level 1:colcon.colcon_core.package_identification:_identify(Examples/ROS2/RGB-D-Inertial) by extensions ['colcon_meta']
[0.123s] Level 1:colcon.colcon_core.package_identification:_identify(Examples/ROS2/RGB-D-Inertial) by extension 'colcon_meta'
[0.123s] Level 1:colcon.colcon_core.package_identification:_identify(Examples/ROS2/RGB-D-Inertial) by extensions ['ros']
[0.123s] Level 1:colcon.colcon_core.package_identification:_identify(Examples/ROS2/RGB-D-Inertial) by extension 'ros'
[0.150s] DEBUG:colcon.colcon_core.package_identification:Package 'Examples/ROS2/RGB-D-Inertial' with type 'ros.ament_cmake' and name 'orbslam3'
[0.150s] Level 1:colcon.colcon_core.package_discovery:discover_packages(recursive) using defaults
[0.159s] Level 1:colcon.colcon_core.package_discovery:discover_packages(prefix_path) check parameters
[0.159s] Level 1:colcon.colcon_core.package_discovery:discover_packages(prefix_path) discover
[0.160s] DEBUG:colcon.colcon_installed_package_information.package_discovery:Found 1 installed packages in /home/zju/navigation/GeoFlowSlam/Examples/ROS2/RGB-D-Inertial/install
[0.160s] DEBUG:colcon.colcon_installed_package_information.package_discovery:Found 1 installed packages in /home/zju/navigation/GeoFlowSlam/install
[0.161s] DEBUG:colcon.colcon_installed_package_information.package_discovery:Found 323 installed packages in /opt/ros/humble
[0.162s] Level 1:colcon.colcon_core.package_discovery:discover_packages(prefix_path) using defaults
[0.179s] Level 5:colcon.colcon_core.verb:set package 'orbslam3' build argument 'cmake_args' from command line to 'None'
[0.179s] Level 5:colcon.colcon_core.verb:set package 'orbslam3' build argument 'cmake_target' from command line to 'None'
[0.179s] Level 5:colcon.colcon_core.verb:set package 'orbslam3' build argument 'cmake_target_skip_unavailable' from command line to 'False'
[0.179s] Level 5:colcon.colcon_core.verb:set package 'orbslam3' build argument 'cmake_clean_cache' from command line to 'False'
[0.179s] Level 5:colcon.colcon_core.verb:set package 'orbslam3' build argument 'cmake_clean_first' from command line to 'False'
[0.179s] Level 5:colcon.colcon_core.verb:set package 'orbslam3' build argument 'cmake_force_configure' from command line to 'False'
[0.179s] Level 5:colcon.colcon_core.verb:set package 'orbslam3' build argument 'ament_cmake_args' from command line to 'None'
[0.179s] Level 5:colcon.colcon_core.verb:set package 'orbslam3' build argument 'catkin_cmake_args' from command line to 'None'
[0.179s] Level 5:colcon.colcon_core.verb:set package 'orbslam3' build argument 'catkin_skip_building_tests' from command line to 'False'
[0.179s] DEBUG:colcon.colcon_core.verb:Building package 'orbslam3' with the following arguments: {'ament_cmake_args': None, 'build_base': '/home/zju/navigation/GeoFlowSlam/build/orbslam3', 'catkin_cmake_args': None, 'catkin_skip_building_tests': False, 'cmake_args': None, 'cmake_clean_cache': False, 'cmake_clean_first': False, 'cmake_force_configure': False, 'cmake_target': None, 'cmake_target_skip_unavailable': False, 'install_base': '/home/zju/navigation/GeoFlowSlam/install', 'merge_install': True, 'path': '/home/zju/navigation/GeoFlowSlam/Examples/ROS2/RGB-D-Inertial', 'symlink_install': False, 'test_result_base': None}
[0.180s] INFO:colcon.colcon_core.executor:Executing jobs using 'parallel' executor
[0.180s] DEBUG:colcon.colcon_parallel_executor.executor.parallel:run_until_complete
[0.180s] INFO:colcon.colcon_ros.task.ament_cmake.build:Building ROS package in '/home/zju/navigation/GeoFlowSlam/Examples/ROS2/RGB-D-Inertial' with build type 'ament_cmake'
[0.180s] INFO:colcon.colcon_cmake.task.cmake.build:Building CMake package in '/home/zju/navigation/GeoFlowSlam/Examples/ROS2/RGB-D-Inertial'
[0.181s] INFO:colcon.colcon_core.plugin_system:Skipping extension 'colcon_core.shell.bat': Not used on non-Windows systems
[0.181s] INFO:colcon.colcon_core.shell:Skip shell extension 'powershell' for command environment: Not usable outside of PowerShell
[0.181s] DEBUG:colcon.colcon_core.shell:Skip shell extension 'dsv' for command environment
[0.187s] DEBUG:colcon.colcon_core.event_handler.log_command:Invoking command in '/home/zju/navigation/GeoFlowSlam/build/orbslam3': CMAKE_PREFIX_PATH=${CMAKE_PREFIX_PATH}:/opt/ros/humble /usr/bin/cmake --build /home/zju/navigation/GeoFlowSlam/build/orbslam3 -- -j20 -l20
[8.425s] DEBUG:colcon.colcon_core.event_handler.log_command:Invoked command in '/home/zju/navigation/GeoFlowSlam/build/orbslam3' returned '0': CMAKE_PREFIX_PATH=${CMAKE_PREFIX_PATH}:/opt/ros/humble /usr/bin/cmake --build /home/zju/navigation/GeoFlowSlam/build/orbslam3 -- -j20 -l20
[8.430s] DEBUG:colcon.colcon_core.event_handler.log_command:Invoking command in '/home/zju/navigation/GeoFlowSlam/build/orbslam3': CMAKE_PREFIX_PATH=${CMAKE_PREFIX_PATH}:/opt/ros/humble /usr/bin/cmake --install /home/zju/navigation/GeoFlowSlam/build/orbslam3
[8.442s] Level 1:colcon.colcon_core.environment:create_environment_scripts_only(orbslam3)
[8.442s] DEBUG:colcon.colcon_core.event_handler.log_command:Invoked command in '/home/zju/navigation/GeoFlowSlam/build/orbslam3' returned '0': CMAKE_PREFIX_PATH=${CMAKE_PREFIX_PATH}:/opt/ros/humble /usr/bin/cmake --install /home/zju/navigation/GeoFlowSlam/build/orbslam3
[8.444s] Level 1:colcon.colcon_core.environment:checking '/home/zju/navigation/GeoFlowSlam/install' for CMake module files
[8.445s] Level 1:colcon.colcon_core.environment:checking '/home/zju/navigation/GeoFlowSlam/install' for CMake config files
[8.445s] Level 1:colcon.colcon_core.shell:create_environment_hook('orbslam3', 'cmake_prefix_path')
[8.445s] INFO:colcon.colcon_core.shell:Creating environment hook '/home/zju/navigation/GeoFlowSlam/install/share/orbslam3/hook/cmake_prefix_path.ps1'
[8.446s] INFO:colcon.colcon_core.shell:Creating environment descriptor '/home/zju/navigation/GeoFlowSlam/install/share/orbslam3/hook/cmake_prefix_path.dsv'
[8.446s] INFO:colcon.colcon_core.shell:Creating environment hook '/home/zju/navigation/GeoFlowSlam/install/share/orbslam3/hook/cmake_prefix_path.sh'
[8.447s] Level 1:colcon.colcon_core.environment:checking '/home/zju/navigation/GeoFlowSlam/install/lib'
[8.447s] Level 1:colcon.colcon_core.shell:create_environment_hook('orbslam3', 'ld_library_path_lib')
[8.447s] INFO:colcon.colcon_core.shell:Creating environment hook '/home/zju/navigation/GeoFlowSlam/install/share/orbslam3/hook/ld_library_path_lib.ps1'
[8.447s] INFO:colcon.colcon_core.shell:Creating environment descriptor '/home/zju/navigation/GeoFlowSlam/install/share/orbslam3/hook/ld_library_path_lib.dsv'
[8.447s] INFO:colcon.colcon_core.shell:Creating environment hook '/home/zju/navigation/GeoFlowSlam/install/share/orbslam3/hook/ld_library_path_lib.sh'
[8.447s] Level 1:colcon.colcon_core.environment:checking '/home/zju/navigation/GeoFlowSlam/install/bin'
[8.447s] Level 1:colcon.colcon_core.environment:checking '/home/zju/navigation/GeoFlowSlam/install/lib/pkgconfig/orbslam3.pc'
[8.448s] Level 1:colcon.colcon_core.environment:checking '/home/zju/navigation/GeoFlowSlam/install/lib/python3.10/site-packages'
[8.448s] Level 1:colcon.colcon_core.environment:checking '/home/zju/navigation/GeoFlowSlam/install/bin'
[8.448s] INFO:colcon.colcon_core.shell:Creating package script '/home/zju/navigation/GeoFlowSlam/install/share/orbslam3/package.ps1'
[8.449s] INFO:colcon.colcon_core.shell:Creating package descriptor '/home/zju/navigation/GeoFlowSlam/install/share/orbslam3/package.dsv'
[8.449s] INFO:colcon.colcon_core.shell:Creating package script '/home/zju/navigation/GeoFlowSlam/install/share/orbslam3/package.sh'
[8.449s] INFO:colcon.colcon_core.shell:Creating package script '/home/zju/navigation/GeoFlowSlam/install/share/orbslam3/package.bash'
[8.450s] INFO:colcon.colcon_core.shell:Creating package script '/home/zju/navigation/GeoFlowSlam/install/share/orbslam3/package.zsh'
[8.450s] Level 1:colcon.colcon_core.environment:create_file_with_runtime_dependencies(/home/zju/navigation/GeoFlowSlam/install/share/colcon-core/packages/orbslam3)
[8.450s] Level 1:colcon.colcon_core.environment:create_environment_scripts_only(orbslam3)
[8.450s] Level 1:colcon.colcon_core.environment:checking '/home/zju/navigation/GeoFlowSlam/install' for CMake module files
[8.451s] Level 1:colcon.colcon_core.environment:checking '/home/zju/navigation/GeoFlowSlam/install' for CMake config files
[8.451s] Level 1:colcon.colcon_core.shell:create_environment_hook('orbslam3', 'cmake_prefix_path')
[8.451s] INFO:colcon.colcon_core.shell:Creating environment hook '/home/zju/navigation/GeoFlowSlam/install/share/orbslam3/hook/cmake_prefix_path.ps1'
[8.451s] INFO:colcon.colcon_core.shell:Creating environment descriptor '/home/zju/navigation/GeoFlowSlam/install/share/orbslam3/hook/cmake_prefix_path.dsv'
[8.451s] INFO:colcon.colcon_core.shell:Creating environment hook '/home/zju/navigation/GeoFlowSlam/install/share/orbslam3/hook/cmake_prefix_path.sh'
[8.452s] Level 1:colcon.colcon_core.environment:checking '/home/zju/navigation/GeoFlowSlam/install/lib'
[8.452s] Level 1:colcon.colcon_core.shell:create_environment_hook('orbslam3', 'ld_library_path_lib')
[8.452s] INFO:colcon.colcon_core.shell:Creating environment hook '/home/zju/navigation/GeoFlowSlam/install/share/orbslam3/hook/ld_library_path_lib.ps1'
[8.452s] INFO:colcon.colcon_core.shell:Creating environment descriptor '/home/zju/navigation/GeoFlowSlam/install/share/orbslam3/hook/ld_library_path_lib.dsv'
[8.452s] INFO:colcon.colcon_core.shell:Creating environment hook '/home/zju/navigation/GeoFlowSlam/install/share/orbslam3/hook/ld_library_path_lib.sh'
[8.452s] Level 1:colcon.colcon_core.environment:checking '/home/zju/navigation/GeoFlowSlam/install/bin'
[8.453s] Level 1:colcon.colcon_core.environment:checking '/home/zju/navigation/GeoFlowSlam/install/lib/pkgconfig/orbslam3.pc'
[8.453s] Level 1:colcon.colcon_core.environment:checking '/home/zju/navigation/GeoFlowSlam/install/lib/python3.10/site-packages'
[8.453s] Level 1:colcon.colcon_core.environment:checking '/home/zju/navigation/GeoFlowSlam/install/bin'
[8.453s] INFO:colcon.colcon_core.shell:Creating package script '/home/zju/navigation/GeoFlowSlam/install/share/orbslam3/package.ps1'
[8.453s] INFO:colcon.colcon_core.shell:Creating package descriptor '/home/zju/navigation/GeoFlowSlam/install/share/orbslam3/package.dsv'
[8.454s] INFO:colcon.colcon_core.shell:Creating package script '/home/zju/navigation/GeoFlowSlam/install/share/orbslam3/package.sh'
[8.454s] INFO:colcon.colcon_core.shell:Creating package script '/home/zju/navigation/GeoFlowSlam/install/share/orbslam3/package.bash'
[8.454s] INFO:colcon.colcon_core.shell:Creating package script '/home/zju/navigation/GeoFlowSlam/install/share/orbslam3/package.zsh'
[8.454s] Level 1:colcon.colcon_core.environment:create_file_with_runtime_dependencies(/home/zju/navigation/GeoFlowSlam/install/share/colcon-core/packages/orbslam3)
[8.454s] DEBUG:colcon.colcon_parallel_executor.executor.parallel:closing loop
[8.455s] DEBUG:colcon.colcon_parallel_executor.executor.parallel:loop closed
[8.455s] DEBUG:colcon.colcon_parallel_executor.executor.parallel:run_until_complete finished with '0'
[8.455s] DEBUG:colcon.colcon_core.event_reactor:joining thread
[8.457s] INFO:colcon.colcon_core.plugin_system:Skipping extension 'colcon_notification.desktop_notification.terminal_notifier': Not used on non-Darwin systems
[8.457s] INFO:colcon.colcon_core.plugin_system:Skipping extension 'colcon_notification.desktop_notification.win32': Not used on non-Windows systems
[8.457s] INFO:colcon.colcon_notification.desktop_notification:Sending desktop notification using 'notify2'
[8.468s] DEBUG:colcon.colcon_core.event_reactor:joined thread
[8.468s] INFO:colcon.colcon_core.shell:Creating prefix script '/home/zju/navigation/GeoFlowSlam/install/local_setup.ps1'
[8.469s] INFO:colcon.colcon_core.shell:Creating prefix util module '/home/zju/navigation/GeoFlowSlam/install/_local_setup_util_ps1.py'
[8.469s] INFO:colcon.colcon_core.shell:Creating prefix chain script '/home/zju/navigation/GeoFlowSlam/install/setup.ps1'
[8.470s] INFO:colcon.colcon_core.shell:Creating prefix script '/home/zju/navigation/GeoFlowSlam/install/local_setup.sh'
[8.470s] INFO:colcon.colcon_core.shell:Creating prefix util module '/home/zju/navigation/GeoFlowSlam/install/_local_setup_util_sh.py'
[8.471s] INFO:colcon.colcon_core.shell:Creating prefix chain script '/home/zju/navigation/GeoFlowSlam/install/setup.sh'
[8.471s] INFO:colcon.colcon_core.shell:Creating prefix script '/home/zju/navigation/GeoFlowSlam/install/local_setup.bash'
[8.472s] INFO:colcon.colcon_core.shell:Creating prefix chain script '/home/zju/navigation/GeoFlowSlam/install/setup.bash'
[8.472s] INFO:colcon.colcon_core.shell:Creating prefix script '/home/zju/navigation/GeoFlowSlam/install/local_setup.zsh'
[8.472s] INFO:colcon.colcon_core.shell:Creating prefix chain script '/home/zju/navigation/GeoFlowSlam/install/setup.zsh'
