[  2%] [32mBuilding CXX object CMakeFiles/pointcloud_to_gridmap_node.dir/src/pointcloud_to_gridmap.cpp.o[0m
[35m[1mConsolidate compiler generated dependencies of target orbslam3[0m
[  5%] [32mBuilding CXX object CMakeFiles/orbslam3.dir/home/zju/navigation/GeoFlowSlam/src/MapDrawer.cc.o[0m
[  7%] [32m[1mLinking CXX shared library /home/zju/navigation/GeoFlowSlam/Examples/ROS2/RGB-D-Inertial/lib/liborbslam3.so[0m
[ 92%] Built target orbslam3
[35m[1mConsolidate compiler generated dependencies of target rgbd_inertial_ros2[0m
[ 95%] [32mBuilding CXX object CMakeFiles/rgbd_inertial_ros2.dir/src/rgbd_inertial_ros2.cc.o[0m
[ 97%] [32m[1mLinking CXX executable /home/zju/navigation/GeoFlowSlam/Examples/ROS2/RGB-D-Inertial/pointcloud_to_gridmap_node[0m
[ 97%] Built target pointcloud_to_gridmap_node
[100%] [32m[1mLinking CXX executable /home/zju/navigation/GeoFlowSlam/Examples/ROS2/RGB-D-Inertial/rgbd_inertial_ros2[0m
[100%] Built target rgbd_inertial_ros2
-- Install configuration: "Release"
-- Installing: /home/zju/navigation/GeoFlowSlam/install/lib/libDBoW2.so
-- Installing: /home/zju/navigation/GeoFlowSlam/install/lib/libg2o.so
-- Installing: /home/zju/navigation/GeoFlowSlam/install/lib/libsmall_gicp.so
-- Installing: /home/zju/navigation/GeoFlowSlam/install/lib/liborbslam3.so
-- Set runtime path of "/home/zju/navigation/GeoFlowSlam/install/lib/liborbslam3.so" to ""
-- Installing: /home/zju/navigation/GeoFlowSlam/install/lib/orbslam3/rgbd_inertial_ros2
-- Set runtime path of "/home/zju/navigation/GeoFlowSlam/install/lib/orbslam3/rgbd_inertial_ros2" to ""
-- Installing: /home/zju/navigation/GeoFlowSlam/install/lib/orbslam3/pointcloud_to_gridmap_node
-- Set runtime path of "/home/zju/navigation/GeoFlowSlam/install/lib/orbslam3/pointcloud_to_gridmap_node" to ""
-- Up-to-date: /home/zju/navigation/GeoFlowSlam/install/lib/orbslam3/rgbd_inertial_ros2
-- Up-to-date: /home/zju/navigation/GeoFlowSlam/install/lib/orbslam3/pointcloud_to_gridmap_node
-- Installing: /home/zju/navigation/GeoFlowSlam/install/share/ament_index/resource_index/package_run_dependencies/orbslam3
-- Installing: /home/zju/navigation/GeoFlowSlam/install/share/ament_index/resource_index/parent_prefix_path/orbslam3
-- Installing: /home/zju/navigation/GeoFlowSlam/install/share/orbslam3/environment/ament_prefix_path.sh
-- Installing: /home/zju/navigation/GeoFlowSlam/install/share/orbslam3/environment/ament_prefix_path.dsv
-- Installing: /home/zju/navigation/GeoFlowSlam/install/share/orbslam3/environment/path.sh
-- Installing: /home/zju/navigation/GeoFlowSlam/install/share/orbslam3/environment/path.dsv
-- Installing: /home/zju/navigation/GeoFlowSlam/install/share/orbslam3/local_setup.bash
-- Installing: /home/zju/navigation/GeoFlowSlam/install/share/orbslam3/local_setup.sh
-- Installing: /home/zju/navigation/GeoFlowSlam/install/share/orbslam3/local_setup.zsh
-- Installing: /home/zju/navigation/GeoFlowSlam/install/share/orbslam3/local_setup.dsv
-- Installing: /home/zju/navigation/GeoFlowSlam/install/share/orbslam3/package.dsv
-- Installing: /home/zju/navigation/GeoFlowSlam/install/share/ament_index/resource_index/packages/orbslam3
-- Installing: /home/zju/navigation/GeoFlowSlam/install/share/orbslam3/cmake/ament_cmake_export_dependencies-extras.cmake
-- Installing: /home/zju/navigation/GeoFlowSlam/install/share/orbslam3/cmake/orbslam3Config.cmake
-- Installing: /home/zju/navigation/GeoFlowSlam/install/share/orbslam3/cmake/orbslam3Config-version.cmake
-- Installing: /home/zju/navigation/GeoFlowSlam/install/share/orbslam3/package.xml
