[0.005s] Invoking command in '/home/zju/navigation/GeoFlowSlam/build/orbslam3': CMAKE_PREFIX_PATH=${CMAKE_PREFIX_PATH}:/opt/ros/humble /usr/bin/cmake --build /home/zju/navigation/GeoFlowSlam/build/orbslam3 -- -j20 -l20
[0.040s] [35m[1mConsolidate compiler generated dependencies of target pointcloud_to_gridmap_node[0m
[0.060s] [  5%] Built target pointcloud_to_gridmap_node
[0.095s] [ 95%] Built target orbslam3
[0.122s] [100%] Built target rgbd_inertial_ros2
[0.135s] Invoked command in '/home/zju/navigation/GeoFlowSlam/build/orbslam3' returned '0': CMAKE_PREFIX_PATH=${CMAKE_PREFIX_PATH}:/opt/ros/humble /usr/bin/cmake --build /home/zju/navigation/GeoFlowSlam/build/orbslam3 -- -j20 -l20
[0.145s] Invoking command in '/home/zju/navigation/GeoFlowSlam/build/orbslam3': CMAKE_PREFIX_PATH=${CMAKE_PREFIX_PATH}:/opt/ros/humble /usr/bin/cmake --install /home/zju/navigation/GeoFlowSlam/build/orbslam3
[0.152s] -- Install configuration: "Release"
[0.152s] -- Up-to-date: /home/zju/navigation/GeoFlowSlam/install/lib/libDBoW2.so
[0.152s] -- Up-to-date: /home/zju/navigation/GeoFlowSlam/install/lib/libg2o.so
[0.153s] -- Up-to-date: /home/zju/navigation/GeoFlowSlam/install/lib/libsmall_gicp.so
[0.153s] -- Up-to-date: /home/zju/navigation/GeoFlowSlam/install/lib/liborbslam3.so
[0.153s] -- Up-to-date: /home/zju/navigation/GeoFlowSlam/install/lib/orbslam3/rgbd_inertial_ros2
[0.153s] -- Up-to-date: /home/zju/navigation/GeoFlowSlam/install/lib/orbslam3/pointcloud_to_gridmap_node
[0.154s] -- Up-to-date: /home/zju/navigation/GeoFlowSlam/install/lib/orbslam3/rgbd_inertial_ros2
[0.154s] -- Up-to-date: /home/zju/navigation/GeoFlowSlam/install/lib/orbslam3/pointcloud_to_gridmap_node
[0.154s] -- Up-to-date: /home/zju/navigation/GeoFlowSlam/install/share/ament_index/resource_index/package_run_dependencies/orbslam3
[0.154s] -- Up-to-date: /home/zju/navigation/GeoFlowSlam/install/share/ament_index/resource_index/parent_prefix_path/orbslam3
[0.154s] -- Up-to-date: /home/zju/navigation/GeoFlowSlam/install/share/orbslam3/environment/ament_prefix_path.sh
[0.154s] -- Up-to-date: /home/zju/navigation/GeoFlowSlam/install/share/orbslam3/environment/ament_prefix_path.dsv
[0.154s] -- Up-to-date: /home/zju/navigation/GeoFlowSlam/install/share/orbslam3/environment/path.sh
[0.155s] -- Up-to-date: /home/zju/navigation/GeoFlowSlam/install/share/orbslam3/environment/path.dsv
[0.155s] -- Up-to-date: /home/zju/navigation/GeoFlowSlam/install/share/orbslam3/local_setup.bash
[0.155s] -- Up-to-date: /home/zju/navigation/GeoFlowSlam/install/share/orbslam3/local_setup.sh
[0.155s] -- Up-to-date: /home/zju/navigation/GeoFlowSlam/install/share/orbslam3/local_setup.zsh
[0.155s] -- Up-to-date: /home/zju/navigation/GeoFlowSlam/install/share/orbslam3/local_setup.dsv
[0.155s] -- Installing: /home/zju/navigation/GeoFlowSlam/install/share/orbslam3/package.dsv
[0.155s] -- Up-to-date: /home/zju/navigation/GeoFlowSlam/install/share/ament_index/resource_index/packages/orbslam3
[0.155s] -- Up-to-date: /home/zju/navigation/GeoFlowSlam/install/share/orbslam3/cmake/ament_cmake_export_dependencies-extras.cmake
[0.155s] -- Up-to-date: /home/zju/navigation/GeoFlowSlam/install/share/orbslam3/cmake/orbslam3Config.cmake
[0.155s] -- Up-to-date: /home/zju/navigation/GeoFlowSlam/install/share/orbslam3/cmake/orbslam3Config-version.cmake
[0.155s] -- Up-to-date: /home/zju/navigation/GeoFlowSlam/install/share/orbslam3/package.xml
[0.157s] Invoked command in '/home/zju/navigation/GeoFlowSlam/build/orbslam3' returned '0': CMAKE_PREFIX_PATH=${CMAKE_PREFIX_PATH}:/opt/ros/humble /usr/bin/cmake --install /home/zju/navigation/GeoFlowSlam/build/orbslam3
