[0.047s] DEBUG:colcon:Command line arguments: ['/usr/bin/colcon', 'build', '--merge-install', '--base-paths', 'Examples/ROS2/RGB-D-Inertial', '--packages-select', 'orbslam3']
[0.047s] DEBUG:colcon:Parsed command line arguments: Namespace(log_base=None, log_level=None, verb_name='build', build_base='build', install_base='install', merge_install=True, symlink_install=False, test_result_base=None, continue_on_error=False, executor='parallel', parallel_workers=20, event_handlers=None, ignore_user_meta=False, metas=['./colcon.meta'], base_paths=['Examples/ROS2/RGB-D-Inertial'], packages_ignore=None, packages_ignore_regex=None, paths=None, packages_up_to=None, packages_up_to_regex=None, packages_above=None, packages_above_and_dependencies=None, packages_above_depth=None, packages_select_by_dep=None, packages_skip_by_dep=None, packages_skip_up_to=None, packages_select_build_failed=False, packages_skip_build_finished=False, packages_select_test_failures=False, packages_skip_test_passed=False, packages_select=['orbslam3'], packages_skip=None, packages_select_regex=None, packages_skip_regex=None, packages_start=None, packages_end=None, allow_overriding=[], cmake_args=None, cmake_target=None, cmake_target_skip_unavailable=False, cmake_clean_cache=False, cmake_clean_first=False, cmake_force_configure=False, ament_cmake_args=None, catkin_cmake_args=None, catkin_skip_building_tests=False, verb_parser=<colcon_defaults.argument_parser.defaults.DefaultArgumentsDecorator object at 0x76b72ca04700>, verb_extension=<colcon_core.verb.build.BuildVerb object at 0x76b72ca04160>, main=<bound method BuildVerb.main of <colcon_core.verb.build.BuildVerb object at 0x76b72ca04160>>)
[0.118s] Level 1:colcon.colcon_core.package_discovery:discover_packages(colcon_meta) check parameters
[0.118s] Level 1:colcon.colcon_core.package_discovery:discover_packages(recursive) check parameters
[0.118s] Level 1:colcon.colcon_core.package_discovery:discover_packages(ignore) check parameters
[0.118s] Level 1:colcon.colcon_core.package_discovery:discover_packages(path) check parameters
[0.118s] Level 1:colcon.colcon_core.package_discovery:discover_packages(recursive) discover
[0.118s] INFO:colcon.colcon_core.package_discovery:Crawling recursively for packages in '/home/zju/navigation/GeoFlowSlam/Examples/ROS2/RGB-D-Inertial'
[0.118s] Level 1:colcon.colcon_core.package_identification:_identify(Examples/ROS2/RGB-D-Inertial) by extensions ['ignore', 'ignore_ament_install']
[0.118s] Level 1:colcon.colcon_core.package_identification:_identify(Examples/ROS2/RGB-D-Inertial) by extension 'ignore'
[0.118s] Level 1:colcon.colcon_core.package_identification:_identify(Examples/ROS2/RGB-D-Inertial) by extension 'ignore_ament_install'
[0.118s] Level 1:colcon.colcon_core.package_identification:_identify(Examples/ROS2/RGB-D-Inertial) by extensions ['colcon_pkg']
[0.118s] Level 1:colcon.colcon_core.package_identification:_identify(Examples/ROS2/RGB-D-Inertial) by extension 'colcon_pkg'
[0.118s] Level 1:colcon.colcon_core.package_identification:_identify(Examples/ROS2/RGB-D-Inertial) by extensions ['colcon_meta']
[0.118s] Level 1:colcon.colcon_core.package_identification:_identify(Examples/ROS2/RGB-D-Inertial) by extension 'colcon_meta'
[0.118s] Level 1:colcon.colcon_core.package_identification:_identify(Examples/ROS2/RGB-D-Inertial) by extensions ['ros']
[0.118s] Level 1:colcon.colcon_core.package_identification:_identify(Examples/ROS2/RGB-D-Inertial) by extension 'ros'
[0.139s] DEBUG:colcon.colcon_core.package_identification:Package 'Examples/ROS2/RGB-D-Inertial' with type 'ros.ament_cmake' and name 'orbslam3'
[0.139s] Level 1:colcon.colcon_core.package_discovery:discover_packages(recursive) using defaults
[0.148s] Level 1:colcon.colcon_core.package_discovery:discover_packages(prefix_path) check parameters
[0.148s] Level 1:colcon.colcon_core.package_discovery:discover_packages(prefix_path) discover
[0.149s] DEBUG:colcon.colcon_installed_package_information.package_discovery:Found 1 installed packages in /home/zju/navigation/GeoFlowSlam/Examples/ROS2/RGB-D-Inertial/install
[0.149s] DEBUG:colcon.colcon_installed_package_information.package_discovery:Found 1 installed packages in /home/zju/navigation/GeoFlowSlam/install
[0.150s] DEBUG:colcon.colcon_installed_package_information.package_discovery:Found 323 installed packages in /opt/ros/humble
[0.150s] Level 1:colcon.colcon_core.package_discovery:discover_packages(prefix_path) using defaults
[0.167s] Level 5:colcon.colcon_core.verb:set package 'orbslam3' build argument 'cmake_args' from command line to 'None'
[0.167s] Level 5:colcon.colcon_core.verb:set package 'orbslam3' build argument 'cmake_target' from command line to 'None'
[0.167s] Level 5:colcon.colcon_core.verb:set package 'orbslam3' build argument 'cmake_target_skip_unavailable' from command line to 'False'
[0.167s] Level 5:colcon.colcon_core.verb:set package 'orbslam3' build argument 'cmake_clean_cache' from command line to 'False'
[0.167s] Level 5:colcon.colcon_core.verb:set package 'orbslam3' build argument 'cmake_clean_first' from command line to 'False'
[0.167s] Level 5:colcon.colcon_core.verb:set package 'orbslam3' build argument 'cmake_force_configure' from command line to 'False'
[0.167s] Level 5:colcon.colcon_core.verb:set package 'orbslam3' build argument 'ament_cmake_args' from command line to 'None'
[0.167s] Level 5:colcon.colcon_core.verb:set package 'orbslam3' build argument 'catkin_cmake_args' from command line to 'None'
[0.167s] Level 5:colcon.colcon_core.verb:set package 'orbslam3' build argument 'catkin_skip_building_tests' from command line to 'False'
[0.167s] DEBUG:colcon.colcon_core.verb:Building package 'orbslam3' with the following arguments: {'ament_cmake_args': None, 'build_base': '/home/zju/navigation/GeoFlowSlam/build/orbslam3', 'catkin_cmake_args': None, 'catkin_skip_building_tests': False, 'cmake_args': None, 'cmake_clean_cache': False, 'cmake_clean_first': False, 'cmake_force_configure': False, 'cmake_target': None, 'cmake_target_skip_unavailable': False, 'install_base': '/home/zju/navigation/GeoFlowSlam/install', 'merge_install': True, 'path': '/home/zju/navigation/GeoFlowSlam/Examples/ROS2/RGB-D-Inertial', 'symlink_install': False, 'test_result_base': None}
[0.167s] INFO:colcon.colcon_core.executor:Executing jobs using 'parallel' executor
[0.168s] DEBUG:colcon.colcon_parallel_executor.executor.parallel:run_until_complete
[0.168s] INFO:colcon.colcon_ros.task.ament_cmake.build:Building ROS package in '/home/zju/navigation/GeoFlowSlam/Examples/ROS2/RGB-D-Inertial' with build type 'ament_cmake'
[0.168s] INFO:colcon.colcon_cmake.task.cmake.build:Building CMake package in '/home/zju/navigation/GeoFlowSlam/Examples/ROS2/RGB-D-Inertial'
[0.169s] INFO:colcon.colcon_core.plugin_system:Skipping extension 'colcon_core.shell.bat': Not used on non-Windows systems
[0.169s] INFO:colcon.colcon_core.shell:Skip shell extension 'powershell' for command environment: Not usable outside of PowerShell
[0.169s] DEBUG:colcon.colcon_core.shell:Skip shell extension 'dsv' for command environment
[0.174s] DEBUG:colcon.colcon_core.event_handler.log_command:Invoking command in '/home/zju/navigation/GeoFlowSlam/build/orbslam3': CMAKE_PREFIX_PATH=${CMAKE_PREFIX_PATH}:/opt/ros/humble /usr/bin/cmake --build /home/zju/navigation/GeoFlowSlam/build/orbslam3 -- -j20 -l20
[7.917s] DEBUG:colcon.colcon_core.event_handler.log_command:Invoked command in '/home/zju/navigation/GeoFlowSlam/build/orbslam3' returned '0': CMAKE_PREFIX_PATH=${CMAKE_PREFIX_PATH}:/opt/ros/humble /usr/bin/cmake --build /home/zju/navigation/GeoFlowSlam/build/orbslam3 -- -j20 -l20
[7.923s] DEBUG:colcon.colcon_core.event_handler.log_command:Invoking command in '/home/zju/navigation/GeoFlowSlam/build/orbslam3': CMAKE_PREFIX_PATH=${CMAKE_PREFIX_PATH}:/opt/ros/humble /usr/bin/cmake --install /home/zju/navigation/GeoFlowSlam/build/orbslam3
[7.936s] Level 1:colcon.colcon_core.environment:create_environment_scripts_only(orbslam3)
[7.937s] DEBUG:colcon.colcon_core.event_handler.log_command:Invoked command in '/home/zju/navigation/GeoFlowSlam/build/orbslam3' returned '0': CMAKE_PREFIX_PATH=${CMAKE_PREFIX_PATH}:/opt/ros/humble /usr/bin/cmake --install /home/zju/navigation/GeoFlowSlam/build/orbslam3
[7.940s] Level 1:colcon.colcon_core.environment:checking '/home/zju/navigation/GeoFlowSlam/install' for CMake module files
[7.940s] Level 1:colcon.colcon_core.environment:checking '/home/zju/navigation/GeoFlowSlam/install' for CMake config files
[7.940s] Level 1:colcon.colcon_core.shell:create_environment_hook('orbslam3', 'cmake_prefix_path')
[7.941s] INFO:colcon.colcon_core.shell:Creating environment hook '/home/zju/navigation/GeoFlowSlam/install/share/orbslam3/hook/cmake_prefix_path.ps1'
[7.941s] INFO:colcon.colcon_core.shell:Creating environment descriptor '/home/zju/navigation/GeoFlowSlam/install/share/orbslam3/hook/cmake_prefix_path.dsv'
[7.942s] INFO:colcon.colcon_core.shell:Creating environment hook '/home/zju/navigation/GeoFlowSlam/install/share/orbslam3/hook/cmake_prefix_path.sh'
[7.943s] Level 1:colcon.colcon_core.environment:checking '/home/zju/navigation/GeoFlowSlam/install/lib'
[7.943s] Level 1:colcon.colcon_core.shell:create_environment_hook('orbslam3', 'ld_library_path_lib')
[7.943s] INFO:colcon.colcon_core.shell:Creating environment hook '/home/zju/navigation/GeoFlowSlam/install/share/orbslam3/hook/ld_library_path_lib.ps1'
[7.943s] INFO:colcon.colcon_core.shell:Creating environment descriptor '/home/zju/navigation/GeoFlowSlam/install/share/orbslam3/hook/ld_library_path_lib.dsv'
[7.944s] INFO:colcon.colcon_core.shell:Creating environment hook '/home/zju/navigation/GeoFlowSlam/install/share/orbslam3/hook/ld_library_path_lib.sh'
[7.944s] Level 1:colcon.colcon_core.environment:checking '/home/zju/navigation/GeoFlowSlam/install/bin'
[7.944s] Level 1:colcon.colcon_core.environment:checking '/home/zju/navigation/GeoFlowSlam/install/lib/pkgconfig/orbslam3.pc'
[7.944s] Level 1:colcon.colcon_core.environment:checking '/home/zju/navigation/GeoFlowSlam/install/lib/python3.10/site-packages'
[7.944s] Level 1:colcon.colcon_core.environment:checking '/home/zju/navigation/GeoFlowSlam/install/bin'
[7.945s] INFO:colcon.colcon_core.shell:Creating package script '/home/zju/navigation/GeoFlowSlam/install/share/orbslam3/package.ps1'
[7.945s] INFO:colcon.colcon_core.shell:Creating package descriptor '/home/zju/navigation/GeoFlowSlam/install/share/orbslam3/package.dsv'
[7.946s] INFO:colcon.colcon_core.shell:Creating package script '/home/zju/navigation/GeoFlowSlam/install/share/orbslam3/package.sh'
[7.946s] INFO:colcon.colcon_core.shell:Creating package script '/home/zju/navigation/GeoFlowSlam/install/share/orbslam3/package.bash'
[7.946s] INFO:colcon.colcon_core.shell:Creating package script '/home/zju/navigation/GeoFlowSlam/install/share/orbslam3/package.zsh'
[7.947s] Level 1:colcon.colcon_core.environment:create_file_with_runtime_dependencies(/home/zju/navigation/GeoFlowSlam/install/share/colcon-core/packages/orbslam3)
[7.947s] Level 1:colcon.colcon_core.environment:create_environment_scripts_only(orbslam3)
[7.947s] Level 1:colcon.colcon_core.environment:checking '/home/zju/navigation/GeoFlowSlam/install' for CMake module files
[7.948s] Level 1:colcon.colcon_core.environment:checking '/home/zju/navigation/GeoFlowSlam/install' for CMake config files
[7.948s] Level 1:colcon.colcon_core.shell:create_environment_hook('orbslam3', 'cmake_prefix_path')
[7.948s] INFO:colcon.colcon_core.shell:Creating environment hook '/home/zju/navigation/GeoFlowSlam/install/share/orbslam3/hook/cmake_prefix_path.ps1'
[7.948s] INFO:colcon.colcon_core.shell:Creating environment descriptor '/home/zju/navigation/GeoFlowSlam/install/share/orbslam3/hook/cmake_prefix_path.dsv'
[7.948s] INFO:colcon.colcon_core.shell:Creating environment hook '/home/zju/navigation/GeoFlowSlam/install/share/orbslam3/hook/cmake_prefix_path.sh'
[7.948s] Level 1:colcon.colcon_core.environment:checking '/home/zju/navigation/GeoFlowSlam/install/lib'
[7.948s] Level 1:colcon.colcon_core.shell:create_environment_hook('orbslam3', 'ld_library_path_lib')
[7.949s] INFO:colcon.colcon_core.shell:Creating environment hook '/home/zju/navigation/GeoFlowSlam/install/share/orbslam3/hook/ld_library_path_lib.ps1'
[7.949s] INFO:colcon.colcon_core.shell:Creating environment descriptor '/home/zju/navigation/GeoFlowSlam/install/share/orbslam3/hook/ld_library_path_lib.dsv'
[7.949s] INFO:colcon.colcon_core.shell:Creating environment hook '/home/zju/navigation/GeoFlowSlam/install/share/orbslam3/hook/ld_library_path_lib.sh'
[7.949s] Level 1:colcon.colcon_core.environment:checking '/home/zju/navigation/GeoFlowSlam/install/bin'
[7.949s] Level 1:colcon.colcon_core.environment:checking '/home/zju/navigation/GeoFlowSlam/install/lib/pkgconfig/orbslam3.pc'
[7.949s] Level 1:colcon.colcon_core.environment:checking '/home/zju/navigation/GeoFlowSlam/install/lib/python3.10/site-packages'
[7.950s] Level 1:colcon.colcon_core.environment:checking '/home/zju/navigation/GeoFlowSlam/install/bin'
[7.950s] INFO:colcon.colcon_core.shell:Creating package script '/home/zju/navigation/GeoFlowSlam/install/share/orbslam3/package.ps1'
[7.950s] INFO:colcon.colcon_core.shell:Creating package descriptor '/home/zju/navigation/GeoFlowSlam/install/share/orbslam3/package.dsv'
[7.950s] INFO:colcon.colcon_core.shell:Creating package script '/home/zju/navigation/GeoFlowSlam/install/share/orbslam3/package.sh'
[7.950s] INFO:colcon.colcon_core.shell:Creating package script '/home/zju/navigation/GeoFlowSlam/install/share/orbslam3/package.bash'
[7.951s] INFO:colcon.colcon_core.shell:Creating package script '/home/zju/navigation/GeoFlowSlam/install/share/orbslam3/package.zsh'
[7.951s] Level 1:colcon.colcon_core.environment:create_file_with_runtime_dependencies(/home/zju/navigation/GeoFlowSlam/install/share/colcon-core/packages/orbslam3)
[7.951s] DEBUG:colcon.colcon_parallel_executor.executor.parallel:closing loop
[7.951s] DEBUG:colcon.colcon_parallel_executor.executor.parallel:loop closed
[7.951s] DEBUG:colcon.colcon_parallel_executor.executor.parallel:run_until_complete finished with '0'
[7.951s] DEBUG:colcon.colcon_core.event_reactor:joining thread
[7.953s] INFO:colcon.colcon_core.plugin_system:Skipping extension 'colcon_notification.desktop_notification.terminal_notifier': Not used on non-Darwin systems
[7.953s] INFO:colcon.colcon_core.plugin_system:Skipping extension 'colcon_notification.desktop_notification.win32': Not used on non-Windows systems
[7.953s] INFO:colcon.colcon_notification.desktop_notification:Sending desktop notification using 'notify2'
[7.962s] DEBUG:colcon.colcon_core.event_reactor:joined thread
[7.962s] INFO:colcon.colcon_core.shell:Creating prefix script '/home/zju/navigation/GeoFlowSlam/install/local_setup.ps1'
[7.963s] INFO:colcon.colcon_core.shell:Creating prefix util module '/home/zju/navigation/GeoFlowSlam/install/_local_setup_util_ps1.py'
[7.964s] INFO:colcon.colcon_core.shell:Creating prefix chain script '/home/zju/navigation/GeoFlowSlam/install/setup.ps1'
[7.965s] INFO:colcon.colcon_core.shell:Creating prefix script '/home/zju/navigation/GeoFlowSlam/install/local_setup.sh'
[7.965s] INFO:colcon.colcon_core.shell:Creating prefix util module '/home/zju/navigation/GeoFlowSlam/install/_local_setup_util_sh.py'
[7.965s] INFO:colcon.colcon_core.shell:Creating prefix chain script '/home/zju/navigation/GeoFlowSlam/install/setup.sh'
[7.966s] INFO:colcon.colcon_core.shell:Creating prefix script '/home/zju/navigation/GeoFlowSlam/install/local_setup.bash'
[7.966s] INFO:colcon.colcon_core.shell:Creating prefix chain script '/home/zju/navigation/GeoFlowSlam/install/setup.bash'
[7.966s] INFO:colcon.colcon_core.shell:Creating prefix script '/home/zju/navigation/GeoFlowSlam/install/local_setup.zsh'
[7.967s] INFO:colcon.colcon_core.shell:Creating prefix chain script '/home/zju/navigation/GeoFlowSlam/install/setup.zsh'
