[0.007s] Invoking command in '/home/zju/navigation/GeoFlowSlam/build/orbslam3': CMAKE_PREFIX_PATH=${CMAKE_PREFIX_PATH}:/opt/ros/humble /usr/bin/cmake --build /home/zju/navigation/GeoFlowSlam/build/orbslam3 -- -j20 -l20
[0.050s] [  2%] [32mBuilding CXX object CMakeFiles/pointcloud_to_gridmap_node.dir/src/pointcloud_to_gridmap.cpp.o[0m
[0.089s] [ 92%] Built target orbslam3
[0.100s] [35m[1mConsolidate compiler generated dependencies of target rgbd_inertial_ros2[0m
[0.118s] [ 97%] Built target rgbd_inertial_ros2
[7.858s] [100%] [32m[1mLinking CXX executable /home/zju/navigation/GeoFlowSlam/Examples/ROS2/RGB-D-Inertial/pointcloud_to_gridmap_node[0m
[8.203s] [100%] Built target pointcloud_to_gridmap_node
[8.212s] Invoked command in '/home/zju/navigation/GeoFlowSlam/build/orbslam3' returned '0': CMAKE_PREFIX_PATH=${CMAKE_PREFIX_PATH}:/opt/ros/humble /usr/bin/cmake --build /home/zju/navigation/GeoFlowSlam/build/orbslam3 -- -j20 -l20
[8.218s] Invoking command in '/home/zju/navigation/GeoFlowSlam/build/orbslam3': CMAKE_PREFIX_PATH=${CMAKE_PREFIX_PATH}:/opt/ros/humble /usr/bin/cmake --install /home/zju/navigation/GeoFlowSlam/build/orbslam3
[8.223s] -- Install configuration: "Release"
[8.223s] -- Up-to-date: /home/zju/navigation/GeoFlowSlam/install/lib/libDBoW2.so
[8.223s] -- Up-to-date: /home/zju/navigation/GeoFlowSlam/install/lib/libg2o.so
[8.223s] -- Up-to-date: /home/zju/navigation/GeoFlowSlam/install/lib/libsmall_gicp.so
[8.223s] -- Up-to-date: /home/zju/navigation/GeoFlowSlam/install/lib/liborbslam3.so
[8.223s] -- Up-to-date: /home/zju/navigation/GeoFlowSlam/install/lib/orbslam3/rgbd_inertial_ros2
[8.223s] -- Installing: /home/zju/navigation/GeoFlowSlam/install/lib/orbslam3/pointcloud_to_gridmap_node
[8.224s] -- Set runtime path of "/home/zju/navigation/GeoFlowSlam/install/lib/orbslam3/pointcloud_to_gridmap_node" to ""
[8.224s] -- Up-to-date: /home/zju/navigation/GeoFlowSlam/install/lib/orbslam3/rgbd_inertial_ros2
[8.224s] -- Up-to-date: /home/zju/navigation/GeoFlowSlam/install/lib/orbslam3/pointcloud_to_gridmap_node
[8.224s] -- Up-to-date: /home/zju/navigation/GeoFlowSlam/install/share/ament_index/resource_index/package_run_dependencies/orbslam3
[8.224s] -- Up-to-date: /home/zju/navigation/GeoFlowSlam/install/share/ament_index/resource_index/parent_prefix_path/orbslam3
[8.224s] -- Up-to-date: /home/zju/navigation/GeoFlowSlam/install/share/orbslam3/environment/ament_prefix_path.sh
[8.224s] -- Up-to-date: /home/zju/navigation/GeoFlowSlam/install/share/orbslam3/environment/ament_prefix_path.dsv
[8.224s] -- Up-to-date: /home/zju/navigation/GeoFlowSlam/install/share/orbslam3/environment/path.sh
[8.224s] -- Up-to-date: /home/zju/navigation/GeoFlowSlam/install/share/orbslam3/environment/path.dsv
[8.224s] -- Up-to-date: /home/zju/navigation/GeoFlowSlam/install/share/orbslam3/local_setup.bash
[8.224s] -- Up-to-date: /home/zju/navigation/GeoFlowSlam/install/share/orbslam3/local_setup.sh
[8.225s] -- Up-to-date: /home/zju/navigation/GeoFlowSlam/install/share/orbslam3/local_setup.zsh
[8.225s] -- Up-to-date: /home/zju/navigation/GeoFlowSlam/install/share/orbslam3/local_setup.dsv
[8.225s] -- Installing: /home/zju/navigation/GeoFlowSlam/install/share/orbslam3/package.dsv
[8.225s] -- Up-to-date: /home/zju/navigation/GeoFlowSlam/install/share/ament_index/resource_index/packages/orbslam3
[8.225s] -- Up-to-date: /home/zju/navigation/GeoFlowSlam/install/share/orbslam3/cmake/ament_cmake_export_dependencies-extras.cmake
[8.225s] -- Up-to-date: /home/zju/navigation/GeoFlowSlam/install/share/orbslam3/cmake/orbslam3Config.cmake
[8.225s] -- Up-to-date: /home/zju/navigation/GeoFlowSlam/install/share/orbslam3/cmake/orbslam3Config-version.cmake
[8.226s] -- Up-to-date: /home/zju/navigation/GeoFlowSlam/install/share/orbslam3/package.xml
[8.227s] Invoked command in '/home/zju/navigation/GeoFlowSlam/build/orbslam3' returned '0': CMAKE_PREFIX_PATH=${CMAKE_PREFIX_PATH}:/opt/ros/humble /usr/bin/cmake --install /home/zju/navigation/GeoFlowSlam/build/orbslam3
